14:17:28 [INFO ] Initializing Intelligence Engine...
2026-05-09 14:17:28  [INFO    ]  ml_service  Initializing Intelligence Engine...
2026-05-09 14:17:30  [INFO    ]  numexpr.utils  NumExpr defaulting to 8 threads.
14:17:31 [INFO ] Engine Ready: 7/9 components loaded (2.27s)
2026-05-09 14:17:31  [INFO    ]  ml_service  Engine Ready: 7/9 components loaded (2.27s)
2026-05-09 14:17:31  [INFO    ]  app  ML service loaded — 7 models ready
2026-05-09 14:17:31  [INFO    ]  app  New DB-driven blueprints registered.
2026-05-09 14:17:31  [INFO    ]  app  Legacy blueprints registered.
2026-05-09 14:17:31  [INFO    ]  apscheduler.scheduler  Adding job tentatively -- it will be properly scheduled when the scheduler starts
2026-05-09 14:17:31  [INFO    ]  apscheduler.scheduler  Added job "run_all_dealer_pipelines" to job store "default"
2026-05-09 14:17:31  [INFO    ]  apscheduler.scheduler  Scheduler started
2026-05-09 14:17:31  [INFO    ]  daily_pipeline  Scheduler started — daily pipeline runs at 2 AM
2026-05-09 14:17:31  [INFO    ]  db_sync  Initializing 0 active dealer database syncs...
2026-05-09 14:17:31  [INFO    ]  app  ============================================================
2026-05-09 14:17:31  [INFO    ]  app    Cosmetic Intelligence API v3.0 Starting
2026-05-09 14:17:31  [INFO    ]  app    Host  : 0.0.0.0
2026-05-09 14:17:31  [INFO    ]  app    Port  : 5050
2026-05-09 14:17:31  [INFO    ]  app    Debug : True
2026-05-09 14:17:31  [INFO    ]  app    DB    : sqlite:////Users/danduchandana/Desktop/myrtrp 6/bi
2026-05-09 14:17:31  [INFO    ]  app    Models: 7 loaded
2026-05-09 14:17:31  [INFO    ]  app  ============================================================
Database tables created.
 * Serving Flask app 'app'
 * Debug mode: on
2026-05-09 14:17:31  [INFO    ]  werkzeug  [31m[1mWARNING: This is a development server. Do not use it in a production deployment. Use a production WSGI server instead.[0m
 * Running on all addresses (0.0.0.0)
 * Running on http://127.0.0.1:5050
 * Running on http://192.0.0.2:5050
2026-05-09 14:17:31  [INFO    ]  werkzeug  [33mPress CTRL+C to quit[0m
2026-05-09 14:17:31  [INFO    ]  werkzeug   * Restarting with watchdog (fsevents)
14:17:31 [INFO ] Initializing Intelligence Engine...
2026-05-09 14:17:31  [INFO    ]  ml_service  Initializing Intelligence Engine...
2026-05-09 14:17:32  [INFO    ]  numexpr.utils  NumExpr defaulting to 8 threads.
14:17:33 [INFO ] Engine Ready: 7/9 components loaded (1.85s)
2026-05-09 14:17:33  [INFO    ]  ml_service  Engine Ready: 7/9 components loaded (1.85s)
2026-05-09 14:17:33  [INFO    ]  app  ML service loaded — 7 models ready
2026-05-09 14:17:33  [INFO    ]  app  New DB-driven blueprints registered.
2026-05-09 14:17:33  [INFO    ]  app  Legacy blueprints registered.
2026-05-09 14:17:33  [INFO    ]  apscheduler.scheduler  Adding job tentatively -- it will be properly scheduled when the scheduler starts
2026-05-09 14:17:33  [INFO    ]  apscheduler.scheduler  Added job "run_all_dealer_pipelines" to job store "default"
2026-05-09 14:17:33  [INFO    ]  apscheduler.scheduler  Scheduler started
2026-05-09 14:17:33  [INFO    ]  daily_pipeline  Scheduler started — daily pipeline runs at 2 AM
2026-05-09 14:17:33  [INFO    ]  db_sync  Initializing 0 active dealer database syncs...
2026-05-09 14:17:33  [INFO    ]  app  ============================================================
2026-05-09 14:17:33  [INFO    ]  app    Cosmetic Intelligence API v3.0 Starting
2026-05-09 14:17:33  [INFO    ]  app    Host  : 0.0.0.0
2026-05-09 14:17:33  [INFO    ]  app    Port  : 5050
2026-05-09 14:17:33  [INFO    ]  app    Debug : True
2026-05-09 14:17:33  [INFO    ]  app    DB    : sqlite:////Users/danduchandana/Desktop/myrtrp 6/bi
2026-05-09 14:17:33  [INFO    ]  app    Models: 7 loaded
2026-05-09 14:17:33  [INFO    ]  app  ============================================================
2026-05-09 14:17:33  [WARNING ]  werkzeug   * Debugger is active!
2026-05-09 14:17:33  [INFO    ]  werkzeug   * Debugger PIN: 861-667-291
2026-05-09 15:00:37  [INFO    ]  werkzeug   * Detected change in '/Users/danduchandana/Desktop/myrtrp 6/biagiotti/backend/app.py', reloading
Database tables created.
2026-05-09 15:00:37  [INFO    ]  werkzeug   * Restarting with watchdog (fsevents)
15:00:38 [INFO ] Initializing Intelligence Engine...
2026-05-09 15:00:38  [INFO    ]  ml_service  Initializing Intelligence Engine...
2026-05-09 15:00:39  [INFO    ]  numexpr.utils  NumExpr defaulting to 8 threads.
15:00:40 [INFO ] Engine Ready: 7/9 components loaded (2.12s)
2026-05-09 15:00:40  [INFO    ]  ml_service  Engine Ready: 7/9 components loaded (2.12s)
2026-05-09 15:00:40  [INFO    ]  app  ML service loaded — 7 models ready
2026-05-09 15:00:40  [INFO    ]  app  New DB-driven blueprints registered.
2026-05-09 15:00:40  [INFO    ]  app  Legacy blueprints registered.
2026-05-09 15:00:40  [INFO    ]  apscheduler.scheduler  Adding job tentatively -- it will be properly scheduled when the scheduler starts
2026-05-09 15:00:40  [INFO    ]  apscheduler.scheduler  Added job "run_all_dealer_pipelines" to job store "default"
2026-05-09 15:00:40  [INFO    ]  apscheduler.scheduler  Scheduler started
2026-05-09 15:00:40  [INFO    ]  daily_pipeline  Scheduler started — daily pipeline runs at 2 AM
2026-05-09 15:00:40  [INFO    ]  db_sync  Initializing 0 active dealer database syncs...
2026-05-09 15:00:40  [INFO    ]  app  ============================================================
2026-05-09 15:00:40  [INFO    ]  app    Cosmetic Intelligence API v3.0 Starting
2026-05-09 15:00:40  [INFO    ]  app    Host  : 0.0.0.0
2026-05-09 15:00:40  [INFO    ]  app    Port  : 7860
2026-05-09 15:00:40  [INFO    ]  app    Debug : True
2026-05-09 15:00:40  [INFO    ]  app    DB    : sqlite:////Users/danduchandana/Desktop/myrtrp 6/bi
2026-05-09 15:00:40  [INFO    ]  app    Models: 7 loaded
2026-05-09 15:00:40  [INFO    ]  app  ============================================================
2026-05-09 15:00:40  [WARNING ]  werkzeug   * Debugger is active!
2026-05-09 15:00:40  [INFO    ]  werkzeug   * Debugger PIN: 861-667-291
2026-05-09 15:01:07  [INFO    ]  werkzeug   * Detected change in '/Users/danduchandana/Desktop/myrtrp 6/biagiotti/backend/app.py', reloading
Database tables created.
2026-05-09 15:01:08  [INFO    ]  werkzeug   * Restarting with watchdog (fsevents)
15:01:08 [INFO ] Initializing Intelligence Engine...
2026-05-09 15:01:08  [INFO    ]  ml_service  Initializing Intelligence Engine...
2026-05-09 15:01:09  [INFO    ]  numexpr.utils  NumExpr defaulting to 8 threads.
15:01:10 [INFO ] Engine Ready: 7/9 components loaded (1.84s)
2026-05-09 15:01:10  [INFO    ]  ml_service  Engine Ready: 7/9 components loaded (1.84s)
2026-05-09 15:01:10  [INFO    ]  app  ML service loaded — 7 models ready
2026-05-09 15:01:10  [INFO    ]  app  New DB-driven blueprints registered.
2026-05-09 15:01:10  [INFO    ]  app  Legacy blueprints registered.
2026-05-09 15:01:10  [INFO    ]  apscheduler.scheduler  Adding job tentatively -- it will be properly scheduled when the scheduler starts
2026-05-09 15:01:10  [INFO    ]  apscheduler.scheduler  Added job "run_all_dealer_pipelines" to job store "default"
2026-05-09 15:01:10  [INFO    ]  apscheduler.scheduler  Scheduler started
2026-05-09 15:01:10  [INFO    ]  daily_pipeline  Scheduler started — daily pipeline runs at 2 AM
2026-05-09 15:01:10  [INFO    ]  db_sync  Initializing 0 active dealer database syncs...
2026-05-09 15:01:10  [INFO    ]  app  ============================================================
2026-05-09 15:01:10  [INFO    ]  app    Cosmetic Intelligence API v3.0 Starting
2026-05-09 15:01:10  [INFO    ]  app    Host  : 0.0.0.0
2026-05-09 15:01:10  [INFO    ]  app    Port  : 7860
2026-05-09 15:01:10  [INFO    ]  app    Debug : True
2026-05-09 15:01:10  [INFO    ]  app    DB    : sqlite:////Users/danduchandana/Desktop/myrtrp 6/bi
2026-05-09 15:01:10  [INFO    ]  app    Models: 7 loaded
2026-05-09 15:01:10  [INFO    ]  app  ============================================================
2026-05-09 15:01:10  [WARNING ]  werkzeug   * Debugger is active!
2026-05-09 15:01:10  [INFO    ]  werkzeug   * Debugger PIN: 861-667-291
2026-05-09 15:02:38  [INFO    ]  werkzeug   * Detected change in '/Users/danduchandana/Desktop/myrtrp 6/biagiotti/backend/config.py', reloading
Database tables created.
2026-05-09 15:02:39  [INFO    ]  werkzeug   * Restarting with watchdog (fsevents)
/Users/danduchandana/Desktop/myrtrp 6/biagiotti/backend/app.py:30: UserWarning: [SECURITY] SECRET_KEY not set. Set it in HF Space Secrets for production.
  from config import config  # noqa: E402
Traceback (most recent call last):
  File "/opt/anaconda3/lib/python3.12/site-packages/sqlalchemy/engine/base.py", line 145, in __init__
    self._dbapi_connection = engine.raw_connection()
                             ^^^^^^^^^^^^^^^^^^^^^^^
  File "/opt/anaconda3/lib/python3.12/site-packages/sqlalchemy/engine/base.py", line 3292, in raw_connection
    return self.pool.connect()
           ^^^^^^^^^^^^^^^^^^^
  File "/opt/anaconda3/lib/python3.12/site-packages/sqlalchemy/pool/base.py", line 452, in connect
    return _ConnectionFairy._checkout(self)
           ^^^^^^^^^^^^^^^^^^^^^^^^^^^^^^^^
  File "/opt/anaconda3/lib/python3.12/site-packages/sqlalchemy/pool/base.py", line 1269, in _checkout
    fairy = _ConnectionRecord.checkout(pool)
            ^^^^^^^^^^^^^^^^^^^^^^^^^^^^^^^^
  File "/opt/anaconda3/lib/python3.12/site-packages/sqlalchemy/pool/base.py", line 716, in checkout
    rec = pool._do_get()
          ^^^^^^^^^^^^^^
  File "/opt/anaconda3/lib/python3.12/site-packages/sqlalchemy/pool/impl.py", line 169, in _do_get
    with util.safe_reraise():
         ^^^^^^^^^^^^^^^^^^^
  File "/opt/anaconda3/lib/python3.12/site-packages/sqlalchemy/util/langhelpers.py", line 146, in __exit__
    raise exc_value.with_traceback(exc_tb)
  File "/opt/anaconda3/lib/python3.12/site-packages/sqlalchemy/pool/impl.py", line 167, in _do_get
    return self._create_connection()
           ^^^^^^^^^^^^^^^^^^^^^^^^^
  File "/opt/anaconda3/lib/python3.12/site-packages/sqlalchemy/pool/base.py", line 393, in _create_connection
    return _ConnectionRecord(self)
           ^^^^^^^^^^^^^^^^^^^^^^^
  File "/opt/anaconda3/lib/python3.12/site-packages/sqlalchemy/pool/base.py", line 678, in __init__
    self.__connect()
  File "/opt/anaconda3/lib/python3.12/site-packages/sqlalchemy/pool/base.py", line 902, in __connect
    with util.safe_reraise():
         ^^^^^^^^^^^^^^^^^^^
  File "/opt/anaconda3/lib/python3.12/site-packages/sqlalchemy/util/langhelpers.py", line 146, in __exit__
    raise exc_value.with_traceback(exc_tb)
  File "/opt/anaconda3/lib/python3.12/site-packages/sqlalchemy/pool/base.py", line 898, in __connect
    self.dbapi_connection = connection = pool._invoke_creator(self)
                                         ^^^^^^^^^^^^^^^^^^^^^^^^^^
  File "/opt/anaconda3/lib/python3.12/site-packages/sqlalchemy/engine/create.py", line 637, in connect
    return dialect.connect(*cargs, **cparams)
           ^^^^^^^^^^^^^^^^^^^^^^^^^^^^^^^^^^
  File "/opt/anaconda3/lib/python3.12/site-packages/sqlalchemy/engine/default.py", line 616, in connect
    return self.loaded_dbapi.connect(*cargs, **cparams)
           ^^^^^^^^^^^^^^^^^^^^^^^^^^^^^^^^^^^^^^^^^^^^
sqlite3.OperationalError: unable to open database file

The above exception was the direct cause of the following exception:

Traceback (most recent call last):
  File "/Users/danduchandana/Desktop/myrtrp 6/biagiotti/backend/app.py", line 63, in <module>
    init_db(app)
  File "/Users/danduchandana/Desktop/myrtrp 6/biagiotti/backend/database/db.py", line 11, in init_db
    db.create_all()
  File "/opt/anaconda3/lib/python3.12/site-packages/flask_sqlalchemy/extension.py", line 900, in create_all
    self._call_for_binds(bind_key, "create_all")
  File "/opt/anaconda3/lib/python3.12/site-packages/flask_sqlalchemy/extension.py", line 881, in _call_for_binds
    getattr(metadata, op_name)(bind=engine)
  File "/opt/anaconda3/lib/python3.12/site-packages/sqlalchemy/sql/schema.py", line 5828, in create_all
    bind._run_ddl_visitor(
  File "/opt/anaconda3/lib/python3.12/site-packages/sqlalchemy/engine/base.py", line 3242, in _run_ddl_visitor
    with self.begin() as conn:
         ^^^^^^^^^^^^
  File "/opt/anaconda3/lib/python3.12/contextlib.py", line 137, in __enter__
    return next(self.gen)
           ^^^^^^^^^^^^^^
  File "/opt/anaconda3/lib/python3.12/site-packages/sqlalchemy/engine/base.py", line 3232, in begin
    with self.connect() as conn:
         ^^^^^^^^^^^^^^
  File "/opt/anaconda3/lib/python3.12/site-packages/sqlalchemy/engine/base.py", line 3268, in connect
    return self._connection_cls(self)
           ^^^^^^^^^^^^^^^^^^^^^^^^^^
  File "/opt/anaconda3/lib/python3.12/site-packages/sqlalchemy/engine/base.py", line 147, in __init__
    Connection._handle_dbapi_exception_noconnection(
  File "/opt/anaconda3/lib/python3.12/site-packages/sqlalchemy/engine/base.py", line 2430, in _handle_dbapi_exception_noconnection
    raise sqlalchemy_exception.with_traceback(exc_info[2]) from e
  File "/opt/anaconda3/lib/python3.12/site-packages/sqlalchemy/engine/base.py", line 145, in __init__
    self._dbapi_connection = engine.raw_connection()
                             ^^^^^^^^^^^^^^^^^^^^^^^
  File "/opt/anaconda3/lib/python3.12/site-packages/sqlalchemy/engine/base.py", line 3292, in raw_connection
    return self.pool.connect()
           ^^^^^^^^^^^^^^^^^^^
  File "/opt/anaconda3/lib/python3.12/site-packages/sqlalchemy/pool/base.py", line 452, in connect
    return _ConnectionFairy._checkout(self)
           ^^^^^^^^^^^^^^^^^^^^^^^^^^^^^^^^
  File "/opt/anaconda3/lib/python3.12/site-packages/sqlalchemy/pool/base.py", line 1269, in _checkout
    fairy = _ConnectionRecord.checkout(pool)
            ^^^^^^^^^^^^^^^^^^^^^^^^^^^^^^^^
  File "/opt/anaconda3/lib/python3.12/site-packages/sqlalchemy/pool/base.py", line 716, in checkout
    rec = pool._do_get()
          ^^^^^^^^^^^^^^
  File "/opt/anaconda3/lib/python3.12/site-packages/sqlalchemy/pool/impl.py", line 169, in _do_get
    with util.safe_reraise():
         ^^^^^^^^^^^^^^^^^^^
  File "/opt/anaconda3/lib/python3.12/site-packages/sqlalchemy/util/langhelpers.py", line 146, in __exit__
    raise exc_value.with_traceback(exc_tb)
  File "/opt/anaconda3/lib/python3.12/site-packages/sqlalchemy/pool/impl.py", line 167, in _do_get
    return self._create_connection()
           ^^^^^^^^^^^^^^^^^^^^^^^^^
  File "/opt/anaconda3/lib/python3.12/site-packages/sqlalchemy/pool/base.py", line 393, in _create_connection
    return _ConnectionRecord(self)
           ^^^^^^^^^^^^^^^^^^^^^^^
  File "/opt/anaconda3/lib/python3.12/site-packages/sqlalchemy/pool/base.py", line 678, in __init__
    self.__connect()
  File "/opt/anaconda3/lib/python3.12/site-packages/sqlalchemy/pool/base.py", line 902, in __connect
    with util.safe_reraise():
         ^^^^^^^^^^^^^^^^^^^
  File "/opt/anaconda3/lib/python3.12/site-packages/sqlalchemy/util/langhelpers.py", line 146, in __exit__
    raise exc_value.with_traceback(exc_tb)
  File "/opt/anaconda3/lib/python3.12/site-packages/sqlalchemy/pool/base.py", line 898, in __connect
    self.dbapi_connection = connection = pool._invoke_creator(self)
                                         ^^^^^^^^^^^^^^^^^^^^^^^^^^
  File "/opt/anaconda3/lib/python3.12/site-packages/sqlalchemy/engine/create.py", line 637, in connect
    return dialect.connect(*cargs, **cparams)
           ^^^^^^^^^^^^^^^^^^^^^^^^^^^^^^^^^^
  File "/opt/anaconda3/lib/python3.12/site-packages/sqlalchemy/engine/default.py", line 616, in connect
    return self.loaded_dbapi.connect(*cargs, **cparams)
           ^^^^^^^^^^^^^^^^^^^^^^^^^^^^^^^^^^^^^^^^^^^^
sqlalchemy.exc.OperationalError: (sqlite3.OperationalError) unable to open database file
(Background on this error at: https://sqlalche.me/e/20/e3q8)
